<?xml version="1.0" encoding="UTF-8"?>
<testng-results ignored="0" total="1" passed="1" failed="0" skipped="0">
  <reporter-output>
  </reporter-output>
  <suite started-at="2023-04-05T10:47:53 IST" name="Default suite" finished-at="2023-04-05T10:47:58 IST" duration-ms="4589">
    <groups>
    </groups>
    <test started-at="2023-04-05T10:47:53 IST" name="Default test" finished-at="2023-04-05T10:47:58 IST" duration-ms="4589">
      <class name="demo.Demo">
        <test-method signature="test()[pri:0, instance:demo.Demo@2fd1433e]" started-at="2023-04-05T10:47:53 IST" name="test" finished-at="2023-04-05T10:47:58 IST" duration-ms="4539" status="PASS">
          <reporter-output>
          </reporter-output>
        </test-method> <!-- test -->
      </class> <!-- demo.Demo -->
    </test> <!-- Default test -->
  </suite> <!-- Default suite -->
</testng-results>
